Build started 12/29/2014 11:25:35 AM.
     1>Project "C:\Users\Derik\Desktop\The_New_Survive!\The_New_Survive!\The_New_Survive!.vcxproj" on node 2 (Build target(s)).
     1>ClCompile:
         C:\Program Files (x86)\Microsoft Visual Studio 12.0\VC\bin\CL.exe /c /ZI /nologo /W3 /WX- /sdl /Od /Oy- /D WIN32 /D _DEBUG /D _CONSOLE /D _LIB /D _UNICODE /D UNICODE /Gm /EHsc /RTC1 /MDd /GS /fp:precise /Zc:wchar_t /Zc:forScope /Yu"stdafx.h" /Fp"Debug\The_New_Survive!.pch" /Fo"Debug\\" /Fd"Debug\vc120.pdb" /Gd /TP /analyze- /errorReport:prompt Game.cpp Light.cpp
         Light.cpp
     1>c:\users\derik\desktop\the_new_survive!\the_new_survive!\light.cpp(8): warning C4305: 'argument' : truncation from 'double' to 'float'
     1>c:\users\derik\desktop\the_new_survive!\the_new_survive!\light.cpp(9): warning C4244: 'argument' : conversion from 'unsigned int' to 'float', possible loss of data
         Generating Code...
         Skipping... (no relevant changes detected)
         Game.cpp
       Link:
         C:\Program Files (x86)\Microsoft Visual Studio 12.0\VC\bin\link.exe /ERRORREPORT:PROMPT /OUT:"C:\Users\Derik\Desktop\The_New_Survive!\Debug\The_New_Survive!.exe" /INCREMENTAL /NOLOGO "sfml-graphics-d.lib" "sfml-window-d.lib" "sfml-system-d.lib" kernel32.lib user32.lib gdi32.lib winspool.lib comdlg32.lib advapi32.lib shell32.lib ole32.lib oleaut32.lib uuid.lib odbc32.lib odbccp32.lib /MANIFEST /MANIFESTUAC:"level='asInvoker' uiAccess='false'" /manifest:embed /DEBUG /PDB:"C:\Users\Derik\Desktop\The_New_Survive!\Debug\The_New_Survive!.pdb" /SUBSYSTEM:CONSOLE /TLBID:1 /DYNAMICBASE /NXCOMPAT /IMPLIB:"C:\Users\Derik\Desktop\The_New_Survive!\Debug\The_New_Survive!.lib" /MACHINE:X86 Debug\Game.obj
         Debug\GameObject.obj
         Debug\gameObjectManager.obj
         Debug\Light.obj
         Debug\stdafx.obj
         "Debug\The_New_Survive!.obj"
         The_New_Survive!.vcxproj -> C:\Users\Derik\Desktop\The_New_Survive!\Debug\The_New_Survive!.exe
     1>Done Building Project "C:\Users\Derik\Desktop\The_New_Survive!\The_New_Survive!\The_New_Survive!.vcxproj" (Build target(s)).

Build succeeded.

Time Elapsed 00:00:00.77
